  main.cpp
main.obj : error LNK2019: unresolved external symbol "public: __thiscall Window::Window(int,int,class std::basic_string<char,struct std::char_traits<char>,class std::allocator<char> >)" (??0Window@@QAE@HHV?$basic_string@DU?$char_traits@D@std@@V?$allocator@D@2@@std@@@Z) referenced in function _main
main.obj : error LNK2019: unresolved external symbol "public: __thiscall Window::~Window(void)" (??1Window@@QAE@XZ) referenced in function "public: void * __thiscall Window::`scalar deleting destructor'(unsigned int)" (??_GWindow@@QAEPAXI@Z)
main.obj : error LNK2019: unresolved external symbol "public: void __thiscall Window::PreFrameDraw(void)" (?PreFrameDraw@Window@@QAEXXZ) referenced in function _main
main.obj : error LNK2019: unresolved external symbol "public: void __thiscall Window::PostFrameDraw(void)" (?PostFrameDraw@Window@@QAEXXZ) referenced in function _main
main.obj : error LNK2019: unresolved external symbol "public: double __thiscall Window::ShowFPS(void)" (?ShowFPS@Window@@QAENXZ) referenced in function _main
main.obj : error LNK2019: unresolved external symbol "public: bool __thiscall Window::ShouldWindowClose(void)" (?ShouldWindowClose@Window@@QAE_NXZ) referenced in function _main
main.obj : error LNK2019: unresolved external symbol "public: __thiscall Player::Player(double,double,double)" (??0Player@@QAE@NNN@Z) referenced in function _main
main.obj : error LNK2019: unresolved external symbol "public: __thiscall Player::~Player(void)" (??1Player@@QAE@XZ) referenced in function "public: void * __thiscall Player::`scalar deleting destructor'(unsigned int)" (??_GPlayer@@QAEPAXI@Z)
main.obj : error LNK2019: unresolved external symbol "public: __thiscall Map::Map(class std::basic_string<char,struct std::char_traits<char>,class std::allocator<char> >,class std::basic_string<char,struct std::char_traits<char>,class std::allocator<char> >,int,class std::basic_string<char,struct std::char_traits<char>,class std::allocator<char> >,class std::basic_string<char,struct std::char_traits<char>,class std::allocator<char> >)" (??0Map@@QAE@V?$basic_string@DU?$char_traits@D@std@@V?$allocator@D@2@@std@@0H00@Z) referenced in function _main
main.obj : error LNK2019: unresolved external symbol "public: __thiscall Map::~Map(void)" (??1Map@@QAE@XZ) referenced in function "public: void * __thiscall Map::`scalar deleting destructor'(unsigned int)" (??_GMap@@QAEPAXI@Z)
main.obj : error LNK2019: unresolved external symbol "public: __thiscall SpaceRenderer::SpaceRenderer(class std::basic_string<char,struct std::char_traits<char>,class std::allocator<char> >,class std::basic_string<char,struct std::char_traits<char>,class std::allocator<char> >,class Window *)" (??0SpaceRenderer@@QAE@V?$basic_string@DU?$char_traits@D@std@@V?$allocator@D@2@@std@@0PAVWindow@@@Z) referenced in function _main
main.obj : error LNK2019: unresolved external symbol "public: void __thiscall SpaceRenderer::StartUsing(void)" (?StartUsing@SpaceRenderer@@QAEXXZ) referenced in function _main
main.obj : error LNK2019: unresolved external symbol "public: void __thiscall SpaceRenderer::RenderFloor(class Window *,class Player *,class Map *)" (?RenderFloor@SpaceRenderer@@QAEXPAVWindow@@PAVPlayer@@PAVMap@@@Z) referenced in function _main
main.obj : error LNK2019: unresolved external symbol "public: void __thiscall SpaceRenderer::RenderCeiling(class Window *,class Player *,class Map *)" (?RenderCeiling@SpaceRenderer@@QAEXPAVWindow@@PAVPlayer@@PAVMap@@@Z) referenced in function _main
main.obj : error LNK2019: unresolved external symbol "public: void __thiscall SpaceRenderer::RenderWalls(class Window *,class Player *,class Map *)" (?RenderWalls@SpaceRenderer@@QAEXPAVWindow@@PAVPlayer@@PAVMap@@@Z) referenced in function _main
main.obj : error LNK2019: unresolved external symbol "public: __thiscall SpaceRenderer::~SpaceRenderer(void)" (??1SpaceRenderer@@QAE@XZ) referenced in function "public: void * __thiscall SpaceRenderer::`scalar deleting destructor'(unsigned int)" (??_GSpaceRenderer@@QAEPAXI@Z)
main.obj : error LNK2019: unresolved external symbol "public: __thiscall SingleTexturedNoAIEntity::SingleTexturedNoAIEntity(double,double,double,double,double,class std::basic_string<char,struct std::char_traits<char>,class std::allocator<char> >)" (??0SingleTexturedNoAIEntity@@QAE@NNNNNV?$basic_string@DU?$char_traits@D@std@@V?$allocator@D@2@@std@@@Z) referenced in function _main
main.obj : error LNK2019: unresolved external symbol "public: __thiscall SingleTexturedNoAIEntity::~SingleTexturedNoAIEntity(void)" (??1SingleTexturedNoAIEntity@@QAE@XZ) referenced in function "public: void * __thiscall SingleTexturedNoAIEntity::`scalar deleting destructor'(unsigned int)" (??_GSingleTexturedNoAIEntity@@QAEPAXI@Z)
main.obj : error LNK2019: unresolved external symbol "public: __thiscall EntityRenderer::EntityRenderer(class std::basic_string<char,struct std::char_traits<char>,class std::allocator<char> >,class std::basic_string<char,struct std::char_traits<char>,class std::allocator<char> >,class Window *)" (??0EntityRenderer@@QAE@V?$basic_string@DU?$char_traits@D@std@@V?$allocator@D@2@@std@@0PAVWindow@@@Z) referenced in function _main
main.obj : error LNK2019: unresolved external symbol "public: void __thiscall EntityRenderer::StartUsing(void)" (?StartUsing@EntityRenderer@@QAEXXZ) referenced in function _main
main.obj : error LNK2019: unresolved external symbol "public: void __thiscall EntityRenderer::Render(class SingleTexturedNoAIEntity *,class Window *,class SpaceRenderer *,class Player *)" (?Render@EntityRenderer@@QAEXPAVSingleTexturedNoAIEntity@@PAVWindow@@PAVSpaceRenderer@@PAVPlayer@@@Z) referenced in function _main
main.obj : error LNK2019: unresolved external symbol "public: __thiscall EntityRenderer::~EntityRenderer(void)" (??1EntityRenderer@@QAE@XZ) referenced in function "public: void * __thiscall EntityRenderer::`scalar deleting destructor'(unsigned int)" (??_GEntityRenderer@@QAEPAXI@Z)
main.obj : error LNK2019: unresolved external symbol "public: __thiscall UserInputManager::UserInputManager(void)" (??0UserInputManager@@QAE@XZ) referenced in function _main
main.obj : error LNK2019: unresolved external symbol "public: __thiscall UserInputManager::~UserInputManager(void)" (??1UserInputManager@@QAE@XZ) referenced in function "public: void * __thiscall UserInputManager::`scalar deleting destructor'(unsigned int)" (??_GUserInputManager@@QAEPAXI@Z)
main.obj : error LNK2019: unresolved external symbol "public: void __thiscall UserInputManager::UserInput(class Window *,class Player *,class Map *)" (?UserInput@UserInputManager@@QAEXPAVWindow@@PAVPlayer@@PAVMap@@@Z) referenced in function _main
C:\Users\razvan\Desktop\Old-School 3D Engine\Debug\Old-School 3D Engine.exe : fatal error LNK1120: 25 unresolved externals
